0 info it worked if it ends with ok
1 verbose cli [ '/usr/bin/nodejs', '/usr/bin/npm', 'bugs', 'expressapp' ]
2 info using npm@3.10.8
3 info using node@v6.9.1
4 silly fetchPackageMetaData expressapp
5 silly fetchNamedPackageData expressapp
6 silly mapToRegistry name expressapp
7 silly mapToRegistry using default registry
8 silly mapToRegistry registry https://registry.npmjs.org/
9 silly mapToRegistry data Result {
9 silly mapToRegistry   raw: 'expressapp',
9 silly mapToRegistry   scope: null,
9 silly mapToRegistry   escapedName: 'expressapp',
9 silly mapToRegistry   name: 'expressapp',
9 silly mapToRegistry   rawSpec: '',
9 silly mapToRegistry   spec: 'latest',
9 silly mapToRegistry   type: 'tag' }
10 silly mapToRegistry uri https://registry.npmjs.org/expressapp
11 verbose request uri https://registry.npmjs.org/expressapp
12 verbose request no auth needed
13 info attempt registry request try #1 at 5:54:01 AM
14 verbose request id 66d8c0869d6b77bf
15 http request GET https://registry.npmjs.org/expressapp
16 http 200 https://registry.npmjs.org/expressapp
17 verbose headers { server: 'CouchDB/1.5.0 (Erlang OTP/R16B03)',
17 verbose headers   etag: '"CX7GHU1WD4LQ27964MZDTEC8J"',
17 verbose headers   'content-type': 'application/json',
17 verbose headers   'content-encoding': 'gzip',
17 verbose headers   'cache-control': 'max-age=300',
17 verbose headers   'content-length': '1057',
17 verbose headers   'accept-ranges': 'bytes',
17 verbose headers   date: 'Wed, 09 Nov 2016 05:54:07 GMT',
17 verbose headers   via: '1.1 varnish',
17 verbose headers   age: '0',
17 verbose headers   connection: 'keep-alive',
17 verbose headers   'x-served-by': 'cache-itm7420-ITM',
17 verbose headers   'x-cache': 'MISS',
17 verbose headers   'x-cache-hits': '0',
17 verbose headers   'x-timer': 'S1478670847.206968,VS0,VE149',
17 verbose headers   vary: 'Accept-Encoding' }
18 silly get cb [ 200,
18 silly get   { server: 'CouchDB/1.5.0 (Erlang OTP/R16B03)',
18 silly get     etag: '"CX7GHU1WD4LQ27964MZDTEC8J"',
18 silly get     'content-type': 'application/json',
18 silly get     'content-encoding': 'gzip',
18 silly get     'cache-control': 'max-age=300',
18 silly get     'content-length': '1057',
18 silly get     'accept-ranges': 'bytes',
18 silly get     date: 'Wed, 09 Nov 2016 05:54:07 GMT',
18 silly get     via: '1.1 varnish',
18 silly get     age: '0',
18 silly get     connection: 'keep-alive',
18 silly get     'x-served-by': 'cache-itm7420-ITM',
18 silly get     'x-cache': 'MISS',
18 silly get     'x-cache-hits': '0',
18 silly get     'x-timer': 'S1478670847.206968,VS0,VE149',
18 silly get     vary: 'Accept-Encoding' } ]
19 verbose get saving expressapp to /home/vagrant/.npm/registry.npmjs.org/expressapp/.cache.json
20 verbose correctMkdir /home/vagrant/.npm correctMkdir not in flight; initializing
21 silly bugs url https://www.npmjs.org/package/expressapp
22 verbose stack Error: spawn xdg-open ENOENT
22 verbose stack     at exports._errnoException (util.js:1026:11)
22 verbose stack     at Process.ChildProcess._handle.onexit (internal/child_process.js:193:32)
22 verbose stack     at onErrorNT (internal/child_process.js:359:16)
22 verbose stack     at _combinedTickCallback (internal/process/next_tick.js:74:11)
22 verbose stack     at process._tickCallback (internal/process/next_tick.js:98:9)
23 verbose cwd /vagrant/movieapp/server
24 error Linux 4.4.0-21-generic
25 error argv "/usr/bin/nodejs" "/usr/bin/npm" "bugs" "expressapp"
26 error node v6.9.1
27 error npm  v3.10.8
28 error path xdg-open
29 error code ENOENT
30 error errno ENOENT
31 error syscall spawn xdg-open
32 error enoent spawn xdg-open ENOENT
33 error enoent spawn xdg-open ENOENT
33 error enoent This is most likely not a problem with npm itself
33 error enoent and is related to npm not being able to find a file.
34 verbose exit [ 1, true ]
